[debug] [2024-11-23T15:13:49.350Z] ----------------------------------------------------------------------
[debug] [2024-11-23T15:13:49.359Z] Command:       /opt/homebrew/Cellar/node/23.2.0/bin/node /opt/homebrew/bin/firebase functions:delete saveOutfitImage --region us-central1 --force
[debug] [2024-11-23T15:13:49.359Z] CLI Version:   13.25.0
[debug] [2024-11-23T15:13:49.359Z] Platform:      darwin
[debug] [2024-11-23T15:13:49.359Z] Node Version:  v23.2.0
[debug] [2024-11-23T15:13:49.359Z] Time:          Sat Nov 23 2024 09:13:49 GMT-0600 (Central Standard Time)
[debug] [2024-11-23T15:13:49.359Z] ----------------------------------------------------------------------
[debug] 
[debug] [2024-11-23T15:13:49.395Z] > command requires scopes: ["email","openid","https://www.googleapis.com/auth/cloudplatformprojects.readonly","https://www.googleapis.com/auth/firebase","https://www.googleapis.com/auth/cloud-platform"]
[debug] [2024-11-23T15:13:49.395Z] > authorizing via signed-in user (andrewpeters.contact@gmail.com)
[debug] [2024-11-23T15:13:49.396Z] [iam] checking project outfitz-dfd41 for permissions ["cloudfunctions.functions.delete","cloudfunctions.functions.list","firebase.projects.get"]
[debug] [2024-11-23T15:13:49.396Z] Checked if tokens are valid: true, expires at: 1732378340839
[debug] [2024-11-23T15:13:49.396Z] Checked if tokens are valid: true, expires at: 1732378340839
[debug] [2024-11-23T15:13:49.396Z] >>> [apiv2][query] POST https://cloudresourcemanager.googleapis.com/v1/projects/outfitz-dfd41:testIamPermissions [none]
[debug] [2024-11-23T15:13:49.396Z] >>> [apiv2][(partial)header] POST https://cloudresourcemanager.googleapis.com/v1/projects/outfitz-dfd41:testIamPermissions x-goog-quota-user=projects/outfitz-dfd41
[debug] [2024-11-23T15:13:49.397Z] >>> [apiv2][body] POST https://cloudresourcemanager.googleapis.com/v1/projects/outfitz-dfd41:testIamPermissions {"permissions":["cloudfunctions.functions.delete","cloudfunctions.functions.list","firebase.projects.get"]}
[debug] [2024-11-23T15:13:49.613Z] <<< [apiv2][status] POST https://cloudresourcemanager.googleapis.com/v1/projects/outfitz-dfd41:testIamPermissions 200
[debug] [2024-11-23T15:13:49.613Z] <<< [apiv2][body] POST https://cloudresourcemanager.googleapis.com/v1/projects/outfitz-dfd41:testIamPermissions {"permissions":["cloudfunctions.functions.delete","cloudfunctions.functions.list","firebase.projects.get"]}
[debug] [2024-11-23T15:13:49.614Z] Checked if tokens are valid: true, expires at: 1732378340839
[debug] [2024-11-23T15:13:49.614Z] Checked if tokens are valid: true, expires at: 1732378340839
[debug] [2024-11-23T15:13:49.614Z] Checked if tokens are valid: true, expires at: 1732378340839
[debug] [2024-11-23T15:13:49.614Z] Checked if tokens are valid: true, expires at: 1732378340839
[debug] [2024-11-23T15:13:49.614Z] >>> [apiv2][query] GET https://firebase.googleapis.com/v1beta1/projects/outfitz-dfd41/adminSdkConfig [none]
[debug] [2024-11-23T15:13:49.615Z] >>> [apiv2][query] GET https://cloudfunctions.googleapis.com/v1/projects/outfitz-dfd41/locations/-/functions [none]
[debug] [2024-11-23T15:13:49.801Z] <<< [apiv2][status] GET https://firebase.googleapis.com/v1beta1/projects/outfitz-dfd41/adminSdkConfig 200
[debug] [2024-11-23T15:13:49.801Z] <<< [apiv2][body] GET https://firebase.googleapis.com/v1beta1/projects/outfitz-dfd41/adminSdkConfig {"projectId":"outfitz-dfd41","storageBucket":"outfitz-dfd41.firebasestorage.app"}
[debug] [2024-11-23T15:13:50.054Z] <<< [apiv2][status] GET https://cloudfunctions.googleapis.com/v1/projects/outfitz-dfd41/locations/-/functions 200
[debug] [2024-11-23T15:13:50.054Z] <<< [apiv2][body] GET https://cloudfunctions.googleapis.com/v1/projects/outfitz-dfd41/locations/-/functions {}
[debug] [2024-11-23T15:13:50.054Z] Checked if tokens are valid: true, expires at: 1732378340839
[debug] [2024-11-23T15:13:50.054Z] Checked if tokens are valid: true, expires at: 1732378340839
[debug] [2024-11-23T15:13:50.054Z] >>> [apiv2][query] GET https://cloudfunctions.googleapis.com/v2/projects/outfitz-dfd41/locations/-/functions filter=environment%3D%22GEN_2%22
[debug] [2024-11-23T15:13:50.403Z] <<< [apiv2][status] GET https://cloudfunctions.googleapis.com/v2/projects/outfitz-dfd41/locations/-/functions 200
[debug] [2024-11-23T15:13:50.403Z] <<< [apiv2][body] GET https://cloudfunctions.googleapis.com/v2/projects/outfitz-dfd41/locations/-/functions {}
[debug] [2024-11-23T15:13:50.495Z] TypeError: Cannot convert undefined or null to object
    at Function.values (<anonymous>)
    at /opt/homebrew/lib/node_modules/firebase-tools/lib/deploy/functions/backend.js:257:37
    at Array.reduce (<anonymous>)
    at allEndpoints (/opt/homebrew/lib/node_modules/firebase-tools/lib/deploy/functions/backend.js:256:45)
    at Object.matchingBackend (/opt/homebrew/lib/node_modules/firebase-tools/lib/deploy/functions/backend.js:280:28)
    at Object.createDeploymentPlan (/opt/homebrew/lib/node_modules/firebase-tools/lib/deploy/functions/release/planner.js:78:27)
    at Command.actionFn (/opt/homebrew/lib/node_modules/firebase-tools/lib/commands/functions-delete.js:44:26)
    at process.processTicksAndRejections (node:internal/process/task_queues:105:5)
[error] 
[error] Error: An unexpected error has occurred.
